14:43:20: Open Broadcaster Software v0.64b - 32bit (´・ω・｀)
14:43:20: -------------------------------
14:43:20: CPU Name: Intel(R) Core(TM) i5-4440 CPU @ 3.10GHz
14:43:20: CPU Speed: 3092MHz
14:43:20: Physical Memory:  3071MB Total, 2448MB Free
14:43:20: stepping id: 3, model 60, family 6, type 0, extmodel 1, extfamily 0, HTT 1, logical cores 2, total cores 2
14:43:20: monitor 1: pos={0, 0}, size={1280, 720}
14:43:20: Windows Version: 6.1 Build 7601 S
14:43:20: Aero is Disabled
14:43:20: -------------------------------
14:43:20: OBS Modules:
14:43:20: Base Address     Module
14:43:20: 01320000         OBS.exe
14:43:20: 6E130000         OBSApi.dll
14:43:20: 6D5B0000         DShowPlugin.dll
14:43:20: 6D570000         GraphicsCapture.dll
14:43:20: 6D440000         NoiseGate.dll
14:43:20: 6D420000         PSVPlugin.dll
14:43:20: 6D400000         scenesw.dll
14:43:20: ------------------------------------------
14:43:20: Adapter 1
14:43:20:   Video Adapter: VMware SVGA 3D
14:43:20:   Video Adapter Dedicated Video Memory: 872415232
14:43:20:   Video Adapter Shared System Memory: 734003200
14:43:20:   Video Adapter Output 1: pos={0, 0}, size={1280, 720}, attached=true
14:43:20: =====Stream Start: 2016-03-04, 14:43:20===============================================
14:43:20:   Multithreaded optimizations: On
14:43:20:   Base resolution: 1280x720
14:43:20:   Output resolution: 1280x720
14:43:20: ------------------------------------------
14:43:20: Loading up D3D10 on VMware SVGA 3D (Adapter 1)...
14:43:20: D3D10CreateDeviceAndSwapChain1: Failed on VMware SVGA 3D: 0x80004002. Trying compatibility mode
14:43:20: ------------------------------------------
14:43:20: Audio Format: 48000 Hz
14:43:20: ------------------------------------------
14:43:20: Audio Channels: 2 Ch
14:43:20: Playback device Default
14:43:20: ------------------------------------------
14:43:20: Using desktop audio input: Speakers (High Definition Audio Device)
14:43:20: Global Audio time adjust: 0
14:43:20: ------------------------------------------
14:43:20: Using auxilary audio input: Microphone (High Definition Audio Device)
14:43:20: Mic time offset: 0
14:43:20: ------------------------------------------
14:43:20: Audio Encoding: AAC
14:43:20:     bitrate: 128
14:43:20: Using graphics capture
14:43:20: Using anti-cheat hooking for game capture
14:43:20: Scene buffering time set to 700
14:43:20: ------------------------------------------
14:43:20: Video Encoding: x264
14:43:20:     fps: 25
14:43:20:     width: 1280, height: 720
14:43:20:     preset: superfast
14:43:20:     profile: high
14:43:20:     keyint: 50
14:43:20:     CBR: yes
14:43:20:     CFR: yes
14:43:20:     max bitrate: 2500
14:43:20:     buffer size: 2500
14:43:20: ------------------------------------------
14:43:20: ++++++++++++++++++++++++++++++++++++++++++++++++++++++
14:43:20:   New Scene
14:43:21: Using Monitor Capture
14:43:22:   Interface: Intel(R) PRO/1000 MT Network Connection (ethernet, 1000 mbps)
14:43:22: Completed handshake with rtmp://sscaitournament.com/live in 10 ms.
