12:40:23: CLR host plugin strings not found, dynamically loading 4 strings
12:40:23: CLRHost::Initialize() attempting to load and start the .NET runtime (null)
12:40:23: CLRHost::Initialize() Found version v2.0.50727 .NET runtime
12:40:23: CLRHost::Initialize() Found version v4.0.30319 .NET runtime
12:40:23: CLRHost::Initialize() attempting to use v4.0.30319 .NET runtime
12:40:23: CLRHost::LoadInteropLibrary() load the assembly plugins\CLRHostPlugin\CLRHost.Interop.dll
12:40:23: CLRHost::LoadPlugins() attempting to load the plugin assembly CLRBrowserSourcePlugin
12:40:23: CLRHost:: Could not find/load browser settings at location C:\Users\Michal Certicky\Desktop\streaming\obs\pluginData\browser.json
12:40:23: CLRHost:: Exception: System.IO.FileNotFoundException: Could not find file 'C:\Users\Michal Certicky\Desktop\streaming\obs\pluginData\browser.json'.
12:40:23: File name: 'C:\Users\Michal Certicky\Desktop\streaming\obs\pluginData\browser.json'
12:40:23:    at System.IO.__Error.WinIOError(Int32 errorCode, String maybeFullPath)
12:40:23:    at System.IO.FileStream.Init(String path, FileMode mode, FileAccess access, Int32 rights, Boolean useRights, FileShare share, Int32 bufferSize, FileOptions options, SECURITY_ATTRIBUTES secAttrs, String msgPath, Boolean bFromProxy, Boolean useLongPath, Boolean checkHost)
12:40:23:    at System.IO.FileStream..ctor(String path, FileMode mode, FileAccess access, FileShare share)
12:40:23:    at CLRBrowserSourcePlugin.Shared.BrowserSettings.Reload()
12:40:23: CLRHost::LoadPlugins() successfully added CLR plugin [Type: CLRBrowserSourcePlugin.CLRBrowserSourcePlugin, Name: CLR Browser Source Plugin]
12:40:23: Open Broadcaster Software v0.64b - 32bit (´・ω・｀)
12:40:23: -------------------------------
12:40:23: CPU Name: Intel(R) Core(TM) i5-4440 CPU @ 3.10GHz
12:40:23: CPU Speed: 3092MHz
12:40:23: Physical Memory:  3071MB Total, 2289MB Free
12:40:23: stepping id: 3, model 60, family 6, type 0, extmodel 1, extfamily 0, HTT 1, logical cores 2, total cores 2
12:40:23: monitor 1: pos={0, 0}, size={1280, 720}
12:40:23: Windows Version: 6.1 Build 7601 S
12:40:23: Aero is Disabled
12:40:23: -------------------------------
12:40:23: OBS Modules:
12:40:23: Base Address     Module
12:40:23: 012C0000         OBS.exe
12:40:23: 6E430000         OBSApi.dll
12:40:23: 6D8E0000         CLRHostPlugin.dll
12:40:23: 65980000         DShowPlugin.dll
12:40:23: 68D60000         GraphicsCapture.dll
12:40:23: 65950000         NoiseGate.dll
12:40:23: 65930000         PSVPlugin.dll
12:40:23: 65910000         scenesw.dll
12:40:23: ------------------------------------------
12:40:23: Adapter 1
12:40:23:   Video Adapter: VMware SVGA 3D
12:40:23:   Video Adapter Dedicated Video Memory: 872415232
12:40:23:   Video Adapter Shared System Memory: 734003200
12:40:23:   Video Adapter Output 1: pos={0, 0}, size={1280, 720}, attached=true
12:40:23: =====Stream Start: 2017-11-14, 12:40:23===============================================
12:40:23:   Multithreaded optimizations: On
12:40:23:   Base resolution: 1280x720
12:40:23:   Output resolution: 1280x720
12:40:23: ------------------------------------------
12:40:23: Loading up D3D10 on VMware SVGA 3D (Adapter 1)...
12:40:23: D3D10CreateDeviceAndSwapChain1: Failed on VMware SVGA 3D: 0x80004002. Trying compatibility mode
12:40:23: ------------------------------------------
12:40:23: Audio Format: 48000 Hz
12:40:23: ------------------------------------------
12:40:23: Audio Channels: 2 Ch
12:40:23: Playback device Default
12:40:23: ------------------------------------------
12:40:23: Using desktop audio input: Speakers (High Definition Audio Device)
12:40:23: Global Audio time adjust: 0
12:40:23: ------------------------------------------
12:40:23: Using auxilary audio input: Microphone (High Definition Audio Device)
12:40:23: Mic time offset: 0
12:40:23: ------------------------------------------
12:40:23: Audio Encoding: AAC
12:40:23:     bitrate: 128
12:40:24: Using Monitor Capture
12:40:24: Scene buffering time set to 700
12:40:24: ------------------------------------------
12:40:24: Video Encoding: x264
12:40:24:     fps: 25
12:40:24:     width: 1280, height: 720
12:40:24:     preset: superfast
12:40:24:     profile: high
12:40:24:     keyint: 50
12:40:24:     CBR: yes
12:40:24:     CFR: yes
12:40:24:     max bitrate: 2500
12:40:24:     buffer size: 2500
12:40:24: ------------------------------------------
12:40:24: CLRHost:: Browser 1: Status message: 
12:40:25:   Interface: Intel(R) PRO/1000 MT Network Connection (ethernet, 1000 mbps)
12:40:25: Completed handshake with rtmp://sscaitournament.com/live in 2 ms.
12:40:25: SO_SNDBUF was at 8192
12:40:25: SO_SNDBUF is now 65536
12:40:41: Audio timestamp for device 'Microphone (High Definition Audio Device)' was behind target timestamp by 80
12:41:45: Audio timestamp for device 'Microphone (High Definition Audio Device)' was behind target timestamp by 100
12:41:45: Audio timestamp for device 'Microphone (High Definition Audio Device)' was behind target timestamp by 110
12:51:21: RTMPPublisher::SocketLoop: Stalled for 545249 ms to write 13596 bytes (buffer: 0 / 335872), unstable connection?
12:52:01: Audio timestamp for device 'Microphone (High Definition Audio Device)' was behind target timestamp by 110
12:52:31: Audio timestamp for device 'Microphone (High Definition Audio Device)' was behind target timestamp by 130
13:04:32: FlushBufferedVideo: Flushing 13666 packets over 546600 ms
