17:25:43: CLR host plugin strings not found, dynamically loading 4 strings
17:25:43: CLRHost::Initialize() attempting to load and start the .NET runtime (null)
17:25:43: CLRHost::Initialize() Found version v2.0.50727 .NET runtime
17:25:43: CLRHost::Initialize() Found version v4.0.30319 .NET runtime
17:25:43: CLRHost::Initialize() attempting to use v4.0.30319 .NET runtime
17:25:43: CLRHost::LoadInteropLibrary() load the assembly plugins\CLRHostPlugin\CLRHost.Interop.dll
17:25:43: CLRHost::LoadPlugins() attempting to load the plugin assembly CLRBrowserSourcePlugin
17:25:43: CLRHost:: Could not find/load browser settings at location C:\Users\Michal Certicky\Desktop\streaming\obs\pluginData\browser.json
17:25:43: CLRHost:: Exception: System.IO.FileNotFoundException: Could not find file 'C:\Users\Michal Certicky\Desktop\streaming\obs\pluginData\browser.json'.
17:25:43: File name: 'C:\Users\Michal Certicky\Desktop\streaming\obs\pluginData\browser.json'
17:25:43:    at System.IO.__Error.WinIOError(Int32 errorCode, String maybeFullPath)
17:25:43:    at System.IO.FileStream.Init(String path, FileMode mode, FileAccess access, Int32 rights, Boolean useRights, FileShare share, Int32 bufferSize, FileOptions options, SECURITY_ATTRIBUTES secAttrs, String msgPath, Boolean bFromProxy, Boolean useLongPath, Boolean checkHost)
17:25:43:    at System.IO.FileStream..ctor(String path, FileMode mode, FileAccess access, FileShare share)
17:25:43:    at CLRBrowserSourcePlugin.Shared.BrowserSettings.Reload()
17:25:43: CLRHost::LoadPlugins() successfully added CLR plugin [Type: CLRBrowserSourcePlugin.CLRBrowserSourcePlugin, Name: CLR Browser Source Plugin]
17:25:43: Open Broadcaster Software v0.64b - 32bit (´・ω・｀)
17:25:43: -------------------------------
17:25:43: CPU Name: Intel(R) Core(TM) i5-4440 CPU @ 3.10GHz
17:25:43: CPU Speed: 3092MHz
17:25:43: Physical Memory:  3071MB Total, 2411MB Free
17:25:43: stepping id: 3, model 60, family 6, type 0, extmodel 1, extfamily 0, HTT 1, logical cores 2, total cores 2
17:25:43: monitor 1: pos={0, 0}, size={1280, 720}
17:25:43: Windows Version: 6.1 Build 7601 S
17:25:43: Aero is Disabled
17:25:43: -------------------------------
17:25:43: OBS Modules:
17:25:43: Base Address     Module
17:25:43: 00ED0000         OBS.exe
17:25:43: 6EC60000         OBSApi.dll
17:25:43: 72600000         CLRHostPlugin.dll
17:25:43: 707F0000         DShowPlugin.dll
17:25:43: 70350000         GraphicsCapture.dll
17:25:43: 6FC90000         NoiseGate.dll
17:25:43: 700D0000         PSVPlugin.dll
17:25:43: 6EBC0000         scenesw.dll
17:25:43: ------------------------------------------
17:25:43: Adapter 1
17:25:43:   Video Adapter: VMware SVGA 3D
17:25:43:   Video Adapter Dedicated Video Memory: 872415232
17:25:43:   Video Adapter Shared System Memory: 734003200
17:25:43:   Video Adapter Output 1: pos={0, 0}, size={1280, 720}, attached=true
17:25:43: =====Stream Start: 2017-01-05, 17:25:43===============================================
17:25:43:   Multithreaded optimizations: On
17:25:43:   Base resolution: 1280x720
17:25:43:   Output resolution: 1280x720
17:25:43: ------------------------------------------
17:25:43: Loading up D3D10 on VMware SVGA 3D (Adapter 1)...
17:25:43: D3D10CreateDeviceAndSwapChain1: Failed on VMware SVGA 3D: 0x80004002. Trying compatibility mode
17:25:43: ------------------------------------------
17:25:43: Audio Format: 48000 Hz
17:25:43: ------------------------------------------
17:25:43: Audio Channels: 2 Ch
17:25:43: Playback device Default
17:25:43: ------------------------------------------
17:25:43: Using desktop audio input: Speakers (High Definition Audio Device)
17:25:43: Global Audio time adjust: 0
17:25:43: ------------------------------------------
17:25:43: Using auxilary audio input: Microphone (High Definition Audio Device)
17:25:43: Mic time offset: 0
17:25:43: ------------------------------------------
17:25:43: Audio Encoding: AAC
17:25:43:     bitrate: 128
17:25:43: Using graphics capture
17:25:43: Using anti-cheat hooking for game capture
17:25:43: Scene buffering time set to 700
17:25:43: ------------------------------------------
17:25:43: Video Encoding: x264
17:25:43:     fps: 25
17:25:43:     width: 1280, height: 720
17:25:43:     preset: superfast
17:25:43:     profile: high
17:25:43:     keyint: 50
17:25:43:     CBR: yes
17:25:43:     CFR: yes
17:25:43:     max bitrate: 2500
17:25:43:     buffer size: 2500
17:25:43: ------------------------------------------
17:25:43: ++++++++++++++++++++++++++++++++++++++++++++++++++++++
17:25:43:   New Scene
17:25:44: Using Monitor Capture
17:25:45: CLRHost:: Browser 1: Status message: 
17:25:45: CLRHost:: Browser 1: Failed to set referrer policy: The value 'no-referrer' is not one of 'always', 'default', 'never', or 'origin'. Defaulting to 'never'. @https://streamlabs.com/alert-box/v3/805031893454AB289B0510
17:25:45:   Interface: Intel(R) PRO/1000 MT Network Connection (ethernet, 1000 mbps)
17:25:45: Completed handshake with rtmp://sscaitournament.com/live in 6 ms.
17:25:45: SO_SNDBUF was at 8192
17:25:45: SO_SNDBUF is now 65536
17:25:50: Audio timestamp for device 'Microphone (High Definition Audio Device)' was behind target timestamp by 70
17:25:51: FlushBufferedVideo: Flushing 8 packets over 280 ms
17:25:51: Total frames encoded: 170, total frames duplicated: 21 (12.35%)
17:25:51: Total frames rendered: 184, number of late frames: 0 (0.00%) (it's okay for some frames to be late)
17:25:51: 
17:25:51: Profiler time results:
17:25:51: 
17:25:51: ==============================================================
17:25:51: video thread frame - [100%] [avg time: 18.283 ms] [children: 88.1%] [unaccounted: 11.9%]
17:25:51: | scene->Preprocess - [55.3%] [avg time: 10.111 ms]
17:25:51: | GPU download and conversion - [32.8%] [avg time: 6.005 ms] [children: 36.2%] [unaccounted: -3.4%]
17:25:51: | | flush - [0.0602%] [avg time: 0.011 ms]
17:25:51: | | CopyResource - [36.1%] [avg time: 6.593 ms]
17:25:51: | | conversion to 4:2:0 - [0.126%] [avg time: 0.023 ms]
17:25:51: Convert444Thread - [100%] [avg time: 0.788 ms] [children: 99.2%] [unaccounted: 0.761%]
17:25:51: | Convert444toNV12 - [99.2%] [avg time: 0.782 ms]
17:25:51: encoder thread frame - [100%] [avg time: 1.801 ms] [children: 2.55%] [unaccounted: 97.4%]
17:25:51: | sending stuff out - [2.55%] [avg time: 0.046 ms]
17:25:51: ==============================================================
17:25:51: 
17:25:51: 
17:25:51: Profiler CPU results:
17:25:51: 
17:25:51: ==============================================================
17:25:51: video thread frame - [cpu time: avg 11.784 ms, total 2168.41 ms] [avg calls per frame: 1]
17:25:51: | scene->Preprocess - [cpu time: avg 7.8 ms, total 1435.21 ms] [avg calls per frame: 1]
17:25:51: | GPU download and conversion - [cpu time: avg 2.034 ms, total 374.4 ms] [avg calls per frame: 1]
17:25:51: | | flush - [cpu time: avg 0 ms, total 0 ms] [avg calls per frame: 1]
17:25:51: | | CopyResource - [cpu time: avg 2.08 ms, total 343.2 ms] [avg calls per frame: 1]
17:25:51: | | conversion to 4:2:0 - [cpu time: avg 0.19 ms, total 31.2 ms] [avg calls per frame: 1]
17:25:51: Convert444Thread - [cpu time: avg 0.38 ms, total 62.4 ms] [avg calls per frame: 1]
17:25:51: | Convert444toNV12 - [cpu time: avg 0.38 ms, total 62.4 ms] [avg calls per frame: 1]
17:25:51: encoder thread frame - [cpu time: avg 0.674 ms, total 109.2 ms] [avg calls per frame: 1]
17:25:51: | sending stuff out - [cpu time: avg 0 ms, total 0 ms] [avg calls per frame: 1]
17:25:51: ==============================================================
17:25:51: 
17:25:51: =====Stream End: 2017-01-05, 17:25:51=================================================
17:25:51: ~RTMPPublisher: Packet flush completed in 139 ms
17:25:51: ~RTMPPublisher: Send thread terminated in 1 ms
17:25:51: RTMPPublisher::SocketLoop: Graceful loop exit
17:25:51: ~RTMPPublisher: Socket thread terminated in 1 ms
17:25:51: ~RTMPPublisher: Final socket shutdown completed in 1 ms
17:25:51: Average send payload: 8447 bytes, average send interval: 24 ms
17:25:51: Number of times waited to send: 0, Waited for a total of 0 bytes
17:25:51: Number of b-frames dropped: 0 (0%), Number of p-frames dropped: 0 (0%), Total 0 (0%)
17:25:51: Number of bytes sent: 1757135
17:25:53: CLR host plugin instance deleted; removing dynamically loaded localization strings
17:25:53: Terminating 0x3b4
