12:57:35: CLR host plugin strings not found, dynamically loading 4 strings
12:57:35: CLRHost::Initialize() attempting to load and start the .NET runtime (null)
12:57:35: CLRHost::Initialize() Found version v2.0.50727 .NET runtime
12:57:35: CLRHost::Initialize() Found version v4.0.30319 .NET runtime
12:57:35: CLRHost::Initialize() attempting to use v4.0.30319 .NET runtime
12:57:36: CLRHost::LoadInteropLibrary() load the assembly plugins\CLRHostPlugin\CLRHost.Interop.dll
12:57:37: CLRHost::LoadPlugins() attempting to load the plugin assembly CLRBrowserSourcePlugin
12:57:41: CLRHost:: Could not find/load browser settings at location C:\Users\Michal Certicky\Desktop\streaming\obs\pluginData\browser.json
12:57:42: CLRHost:: Exception: System.IO.FileNotFoundException: Could not find file 'C:\Users\Michal Certicky\Desktop\streaming\obs\pluginData\browser.json'.
12:57:42: File name: 'C:\Users\Michal Certicky\Desktop\streaming\obs\pluginData\browser.json'
12:57:42:    at System.IO.__Error.WinIOError(Int32 errorCode, String maybeFullPath)
12:57:42:    at System.IO.FileStream.Init(String path, FileMode mode, FileAccess access, Int32 rights, Boolean useRights, FileShare share, Int32 bufferSize, FileOptions options, SECURITY_ATTRIBUTES secAttrs, String msgPath, Boolean bFromProxy, Boolean useLongPath, Boolean checkHost)
12:57:42:    at System.IO.FileStream..ctor(String path, FileMode mode, FileAccess access, FileShare share)
12:57:42:    at CLRBrowserSourcePlugin.Shared.BrowserSettings.Reload()
12:57:43: CLRHost::LoadPlugins() successfully added CLR plugin [Type: CLRBrowserSourcePlugin.CLRBrowserSourcePlugin, Name: CLR Browser Source Plugin]
12:57:43: Open Broadcaster Software v0.64b - 32bit (´・ω・｀)
12:57:43: -------------------------------
12:57:43: CPU Name: Intel(R) Core(TM) i5-4440 CPU @ 3.10GHz
12:57:43: CPU Speed: 3092MHz
12:57:43: Physical Memory:  3071MB Total, 2458MB Free
12:57:43: stepping id: 3, model 60, family 6, type 0, extmodel 1, extfamily 0, HTT 1, logical cores 2, total cores 2
12:57:43: monitor 1: pos={0, 0}, size={1280, 720}
12:57:43: Windows Version: 6.1 Build 7601 S
12:57:43: Aero is Disabled
12:57:43: -------------------------------
12:57:43: OBS Modules:
12:57:43: Base Address     Module
12:57:43: 010E0000         OBS.exe
12:57:43: 6E410000         OBSApi.dll
12:57:43: 73670000         CLRHostPlugin.dll
12:57:43: 661C0000         DShowPlugin.dll
12:57:43: 66190000         GraphicsCapture.dll
12:57:43: 66160000         NoiseGate.dll
12:57:43: 66140000         PSVPlugin.dll
12:57:43: 66120000         scenesw.dll
12:57:43: ------------------------------------------
12:57:43: Adapter 1
12:57:43:   Video Adapter: VMware SVGA 3D
12:57:43:   Video Adapter Dedicated Video Memory: 872415232
12:57:43:   Video Adapter Shared System Memory: 734003200
12:57:43:   Video Adapter Output 1: pos={0, 0}, size={1280, 720}, attached=true
12:57:43: =====Stream Start: 2017-08-16, 12:57:43===============================================
12:57:43:   Multithreaded optimizations: On
12:57:43:   Base resolution: 1280x720
12:57:43:   Output resolution: 1280x720
12:57:43: ------------------------------------------
12:57:43: Loading up D3D10 on VMware SVGA 3D (Adapter 1)...
12:57:43: D3D10CreateDeviceAndSwapChain1: Failed on VMware SVGA 3D: 0x80004002. Trying compatibility mode
12:57:44: ------------------------------------------
12:57:44: Audio Format: 48000 Hz
12:57:44: ------------------------------------------
12:57:44: Audio Channels: 2 Ch
12:57:44: Playback device Default
12:57:44: ------------------------------------------
12:57:44: Using desktop audio input: Speakers (High Definition Audio Device)
12:57:44: Global Audio time adjust: 0
12:57:44: ------------------------------------------
12:57:44: Using auxilary audio input: Microphone (High Definition Audio Device)
12:57:44: Mic time offset: 0
12:57:44: ------------------------------------------
12:57:44: Audio Encoding: AAC
12:57:44:     bitrate: 128
12:57:45: Using Monitor Capture
12:57:45: Scene buffering time set to 700
12:57:45: ------------------------------------------
12:57:45: Video Encoding: x264
12:57:45:     fps: 25
12:57:45:     width: 1280, height: 720
12:57:45:     preset: superfast
12:57:45:     profile: high
12:57:45:     keyint: 50
12:57:45:     CBR: yes
12:57:45:     CFR: yes
12:57:45:     max bitrate: 2500
12:57:45:     buffer size: 2500
12:57:45: ------------------------------------------
12:57:46: Audio timestamp for device 'Microphone (High Definition Audio Device)' was behind target timestamp by 10653575
12:57:46:   Interface: Intel(R) PRO/1000 MT Network Connection (ethernet, 1000 mbps)
12:57:46: Completed handshake with rtmp://sscaitournament.com/live in 5 ms.
12:57:46: SO_SNDBUF was at 8192
12:57:46: SO_SNDBUF is now 65536
12:57:46: CLRHost:: Browser 1: Status message: 
