12:32:31: CLR host plugin strings not found, dynamically loading 4 strings
12:32:31: CLRHost::Initialize() attempting to load and start the .NET runtime (null)
12:32:31: CLRHost::Initialize() Found version v2.0.50727 .NET runtime
12:32:31: CLRHost::Initialize() Found version v4.0.30319 .NET runtime
12:32:31: CLRHost::Initialize() attempting to use v4.0.30319 .NET runtime
12:32:32: CLRHost::LoadInteropLibrary() load the assembly plugins\CLRHostPlugin\CLRHost.Interop.dll
12:32:32: CLRHost::LoadPlugins() attempting to load the plugin assembly CLRBrowserSourcePlugin
12:32:32: CLRHost:: Could not find/load browser settings at location C:\Users\Michal Certicky\Desktop\streaming\obs\pluginData\browser.json
12:32:32: CLRHost:: Exception: System.IO.FileNotFoundException: Could not find file 'C:\Users\Michal Certicky\Desktop\streaming\obs\pluginData\browser.json'.
12:32:32: File name: 'C:\Users\Michal Certicky\Desktop\streaming\obs\pluginData\browser.json'
12:32:32:    at System.IO.__Error.WinIOError(Int32 errorCode, String maybeFullPath)
12:32:32:    at System.IO.FileStream.Init(String path, FileMode mode, FileAccess access, Int32 rights, Boolean useRights, FileShare share, Int32 bufferSize, FileOptions options, SECURITY_ATTRIBUTES secAttrs, String msgPath, Boolean bFromProxy, Boolean useLongPath, Boolean checkHost)
12:32:32:    at System.IO.FileStream..ctor(String path, FileMode mode, FileAccess access, FileShare share)
12:32:32:    at CLRBrowserSourcePlugin.Shared.BrowserSettings.Reload()
12:32:32: CLRHost::LoadPlugins() successfully added CLR plugin [Type: CLRBrowserSourcePlugin.CLRBrowserSourcePlugin, Name: CLR Browser Source Plugin]
12:32:32: Open Broadcaster Software v0.64b - 32bit (´・ω・｀)
12:32:32: -------------------------------
12:32:32: CPU Name: Intel(R) Core(TM) i5-4440 CPU @ 3.10GHz
12:32:32: CPU Speed: 3092MHz
12:32:32: Physical Memory:  3071MB Total, 2314MB Free
12:32:32: stepping id: 3, model 60, family 6, type 0, extmodel 1, extfamily 0, HTT 1, logical cores 2, total cores 2
12:32:32: monitor 1: pos={0, 0}, size={1280, 720}
12:32:32: Windows Version: 6.1 Build 7601 S
12:32:32: Aero is Disabled
12:32:32: -------------------------------
12:32:32: OBS Modules:
12:32:32: Base Address     Module
12:32:32: 00A30000         OBS.exe
12:32:32: 6EC90000         OBSApi.dll
12:32:32: 6DC10000         CLRHostPlugin.dll
12:32:32: 73630000         DShowPlugin.dll
12:32:32: 736B0000         GraphicsCapture.dll
12:32:32: 735B0000         NoiseGate.dll
12:32:32: 736F0000         PSVPlugin.dll
12:32:32: 73680000         scenesw.dll
12:32:32: ------------------------------------------
12:32:32: Adapter 1
12:32:32:   Video Adapter: VMware SVGA 3D
12:32:32:   Video Adapter Dedicated Video Memory: 872415232
12:32:32:   Video Adapter Shared System Memory: 734003200
12:32:32:   Video Adapter Output 1: pos={0, 0}, size={1280, 720}, attached=true
12:32:32: =====Stream Start: 2017-11-14, 12:32:32===============================================
12:32:32:   Multithreaded optimizations: On
12:32:32:   Base resolution: 1280x720
12:32:32:   Output resolution: 1280x720
12:32:32: ------------------------------------------
12:32:32: Loading up D3D10 on VMware SVGA 3D (Adapter 1)...
12:32:32: D3D10CreateDeviceAndSwapChain1: Failed on VMware SVGA 3D: 0x80004002. Trying compatibility mode
12:32:32: ------------------------------------------
12:32:32: Audio Format: 48000 Hz
12:32:32: ------------------------------------------
12:32:32: Audio Channels: 2 Ch
12:32:32: Playback device Default
12:32:32: ------------------------------------------
12:32:32: Using desktop audio input: Speakers (High Definition Audio Device)
12:32:32: Global Audio time adjust: 0
12:32:33: ------------------------------------------
12:32:33: Using auxilary audio input: Microphone (High Definition Audio Device)
12:32:33: Mic time offset: 0
12:32:33: ------------------------------------------
12:32:33: Audio Encoding: AAC
12:32:33:     bitrate: 128
12:32:33: Using graphics capture
12:32:33: Using anti-cheat hooking for game capture
12:32:33: Scene buffering time set to 700
12:32:33: ------------------------------------------
12:32:33: Video Encoding: x264
12:32:33:     fps: 25
12:32:33:     width: 1280, height: 720
12:32:33:     preset: superfast
12:32:33:     profile: high
12:32:33:     keyint: 50
12:32:33:     CBR: yes
12:32:33:     CFR: yes
12:32:33:     max bitrate: 2500
12:32:33:     buffer size: 2500
12:32:33: ------------------------------------------
12:32:33: ++++++++++++++++++++++++++++++++++++++++++++++++++++++
12:32:33:   New Scene
12:32:33: Using Monitor Capture
12:32:33: PERFORMANCE WARNING: Scene change took 736 ms, maybe some sources should be global sources?
12:32:34: CLRHost:: Browser 1: Status message: 
12:32:35:   Interface: Intel(R) PRO/1000 MT Network Connection (ethernet, 1000 mbps)
12:32:35: Completed handshake with rtmp://sscaitournament.com/live in 21 ms.
12:32:35: SO_SNDBUF was at 8192
12:32:35: SO_SNDBUF is now 65536
12:32:39: Audio timestamp for device 'Microphone (High Definition Audio Device)' was behind target timestamp by 70
12:32:40: Audio timestamp for device 'Microphone (High Definition Audio Device)' was behind target timestamp by 90
12:38:13: Audio timestamp for device 'Microphone (High Definition Audio Device)' was behind target timestamp by 90
