17:36:25: CLR host plugin strings not found, dynamically loading 4 strings
17:36:25: CLRHost::Initialize() attempting to load and start the .NET runtime (null)
17:36:25: CLRHost::Initialize() Found version v2.0.50727 .NET runtime
17:36:25: CLRHost::Initialize() Found version v4.0.30319 .NET runtime
17:36:25: CLRHost::Initialize() attempting to use v4.0.30319 .NET runtime
17:36:25: CLRHost::LoadInteropLibrary() load the assembly plugins\CLRHostPlugin\CLRHost.Interop.dll
17:36:25: Open Broadcaster Software v0.64b - 32bit (´・ω・｀)
17:36:25: -------------------------------
17:36:25: CPU Name: Intel(R) Core(TM) i5-7400 CPU @ 3.00GHz
17:36:25: CPU Speed: 2999MHz
17:36:25: Physical Memory:  3071MB Total, 2404MB Free
17:36:25: stepping id: 9, model 158, family 6, type 0, extmodel 4, extfamily 0, HTT 1, logical cores 2, total cores 2
17:36:25: monitor 1: pos={0, 0}, size={1280, 720}
17:36:25: Windows Version: 6.1 Build 7601 S
17:36:25: Aero is Disabled
17:36:25: -------------------------------
17:36:25: OBS Modules:
17:36:25: Base Address     Module
17:36:25: 008C0000         OBS.exe
17:36:25: 6EB10000         OBSApi.dll
17:36:25: 6DF10000         CLRHostPlugin.dll
17:36:25: 74290000         DShowPlugin.dll
17:36:25: 742E0000         GraphicsCapture.dll
17:36:25: 74260000         NoiseGate.dll
17:36:25: 74320000         PSVPlugin.dll
17:36:25: 74240000         scenesw.dll
17:36:25: ------------------------------------------
17:36:25: Adapter 1
17:36:25:   Video Adapter: VMware SVGA 3D
17:36:25:   Video Adapter Dedicated Video Memory: 872415232
17:36:25:   Video Adapter Shared System Memory: 734003200
17:36:25:   Video Adapter Output 1: pos={0, 0}, size={1280, 720}, attached=true
17:36:25: =====Stream Start: 2020-12-03, 17:36:25===============================================
17:36:25:   Multithreaded optimizations: On
17:36:25:   Base resolution: 1280x720
17:36:25:   Output resolution: 1280x720
17:36:25: ------------------------------------------
17:36:25: Loading up D3D10 on VMware SVGA 3D (Adapter 1)...
17:36:25: D3D10CreateDeviceAndSwapChain1: Failed on VMware SVGA 3D: 0x80004002. Trying compatibility mode
17:36:25: ------------------------------------------
17:36:25: Audio Format: 48000 Hz
17:36:25: ------------------------------------------
17:36:25: Audio Channels: 2 Ch
17:36:25: Playback device Default
17:36:25: ------------------------------------------
17:36:25: Using desktop audio input: Speakers (High Definition Audio Device)
17:36:25: Global Audio time adjust: 0
17:36:25: ------------------------------------------
17:36:25: Using auxilary audio input: Microphone (High Definition Audio Device)
17:36:26: Mic time offset: 0
17:36:26: ------------------------------------------
17:36:26: Audio Encoding: AAC
17:36:26:     bitrate: 128
17:36:26: Using graphics capture
17:36:26: Using anti-cheat hooking for game capture
17:36:26: Scene buffering time set to 700
17:36:26: ------------------------------------------
17:36:26: Video Encoding: x264
17:36:26:     fps: 25
17:36:26:     width: 1280, height: 720
17:36:26:     preset: superfast
17:36:26:     profile: high
17:36:26:     keyint: 50
17:36:26:     CBR: yes
17:36:26:     CFR: yes
17:36:26:     max bitrate: 2500
17:36:26:     buffer size: 2500
17:36:26: ------------------------------------------
17:36:26: ++++++++++++++++++++++++++++++++++++++++++++++++++++++
17:36:26:   New Scene
Warning -- OBS::CreateImageSource: Could not find image source class 'CLRBrowserSource'
Warning -- Could not create image source 'CLR Browser' in scene 'Monitor'
17:36:26: Using Monitor Capture
17:36:28:   Interface: Intel(R) PRO/1000 MT Network Connection (ethernet, 1000 mbps)
17:36:29: librtmp error: 84.42.216.30/live is offline. Try a different server (10061).
17:36:29: Connection to rtmp://84.42.216.30/live failed: Could not connect to server
17:36:29: 
17:36:29: 84.42.216.30/live is offline. Try a different server (10061).
17:36:29: 
17:36:29: Total frames encoded: 60, total frames duplicated: 40 (66.67%)
17:36:29: Number of frames skipped due to encoder lag: 6 (10.00%)
17:36:29: Total frames rendered: 28, number of late frames: 27 (96.43%) (it's okay for some frames to be late)
17:36:29: ~RTMPPublisher: Packet flush completed in 0 ms
17:36:29: Number of times waited to send: 0, Waited for a total of 0 bytes
17:36:29: Number of b-frames dropped: 0 (0%), Number of p-frames dropped: 0 (0%), Total 0 (0%)
17:36:29: Number of bytes sent: 0
17:36:30: 
17:36:30: Profiler time results:
17:36:30: 
17:36:30: ==============================================================
17:36:30: video thread frame - [100%] [avg time: 127.557 ms] [children: 97.7%] [unaccounted: 2.32%]
17:36:30: | scene->Preprocess - [77.1%] [avg time: 98.294 ms]
17:36:30: | GPU download and conversion - [20.6%] [avg time: 26.306 ms] [children: 23.6%] [unaccounted: -2.99%]
17:36:30: | | flush - [0.00706%] [avg time: 0.009 ms]
17:36:30: | | CopyResource - [23.6%] [avg time: 30.096 ms]
17:36:30: | | conversion to 4:2:0 - [0.00784%] [avg time: 0.01 ms]
17:36:30: Convert444Thread - [100%] [avg time: 3.074 ms] [children: 99.7%] [unaccounted: 0.26%]
17:36:30: | Convert444toNV12 - [99.7%] [avg time: 3.066 ms]
17:36:30: encoder thread frame - [100%] [avg time: 10.829 ms] [children: 0.185%] [unaccounted: 99.8%]
17:36:30: | sending stuff out - [0.185%] [avg time: 0.02 ms]
17:36:30: ==============================================================
17:36:30: 
17:36:30: 
17:36:30: Profiler CPU results:
17:36:30: 
17:36:30: ==============================================================
17:36:30: video thread frame - [cpu time: avg 76.886 ms, total 2152.81 ms] [avg calls per frame: 1]
17:36:30: | scene->Preprocess - [cpu time: avg 73.543 ms, total 2059.21 ms] [avg calls per frame: 1]
17:36:30: | GPU download and conversion - [cpu time: avg 2.228 ms, total 62.4 ms] [avg calls per frame: 1]
17:36:30: | | flush - [cpu time: avg 0 ms, total 0 ms] [avg calls per frame: 1]
17:36:30: | | CopyResource - [cpu time: avg 2.713 ms, total 62.4 ms] [avg calls per frame: 1]
17:36:30: | | conversion to 4:2:0 - [cpu time: avg 0 ms, total 0 ms] [avg calls per frame: 1]
17:36:30: Convert444Thread - [cpu time: avg 3.545 ms, total 78 ms] [avg calls per frame: 1]
17:36:30: | Convert444toNV12 - [cpu time: avg 3.545 ms, total 78 ms] [avg calls per frame: 1]
17:36:30: encoder thread frame - [cpu time: avg 5.46 ms, total 327.602 ms] [avg calls per frame: 1]
17:36:30: | sending stuff out - [cpu time: avg 0 ms, total 0 ms] [avg calls per frame: 1]
17:36:30: ==============================================================
17:36:30: 
17:36:30: =====Stream End: 2020-12-03, 17:36:30=================================================
17:38:20: =====Stream Start: 2020-12-03, 17:38:20===============================================
17:38:20:   Multithreaded optimizations: On
17:38:20:   Base resolution: 1280x720
17:38:20:   Output resolution: 1280x720
17:38:20: ------------------------------------------
17:38:20: Loading up D3D10 on VMware SVGA 3D (Adapter 1)...
17:38:20: D3D10CreateDeviceAndSwapChain1: Failed on VMware SVGA 3D: 0x80004002. Trying compatibility mode
17:38:20: ------------------------------------------
17:38:20: Audio Format: 48000 Hz
17:38:20: ------------------------------------------
17:38:20: Audio Channels: 2 Ch
17:38:20: Playback device Default
17:38:20: ------------------------------------------
17:38:20: Using desktop audio input: Speakers (High Definition Audio Device)
17:38:20: Global Audio time adjust: 0
17:38:20: ------------------------------------------
17:38:20: Using auxilary audio input: Microphone (High Definition Audio Device)
17:38:20: Mic time offset: 0
17:38:20: ------------------------------------------
17:38:20: Audio Encoding: AAC
17:38:20:     bitrate: 128
Warning -- OBS::CreateImageSource: Could not find image source class 'CLRBrowserSource'
Warning -- Could not create image source 'CLR Browser' in scene 'Monitor'
17:38:20: Using Monitor Capture
17:38:20: Scene buffering time set to 700
17:38:20: ------------------------------------------
17:38:20: Video Encoding: x264
17:38:20:     fps: 25
17:38:20:     width: 1280, height: 720
17:38:20:     preset: superfast
17:38:20:     profile: high
17:38:20:     keyint: 50
17:38:20:     CBR: yes
17:38:20:     CFR: yes
17:38:20:     max bitrate: 2500
17:38:20:     buffer size: 2500
17:38:20: ------------------------------------------
17:38:22: Audio timestamp for device 'Microphone (High Definition Audio Device)' was behind target timestamp by 70
17:38:35: Completed handshake with rtmp://eu-central.restream.io/live in 1138 ms.
17:38:37: SO_SNDBUF was at 8192
17:38:37: SO_SNDBUF is now 65536
17:38:38: Audio timestamp for device 'Microphone (High Definition Audio Device)' was behind target timestamp by 80
17:38:40: FlushBufferedVideo: Flushing 9 packets over 320 ms
17:38:41: Total frames encoded: 483, total frames duplicated: 12 (2.48%)
17:38:41: Total frames rendered: 489, number of late frames: 6 (1.23%) (it's okay for some frames to be late)
17:38:41: 
17:38:41: Profiler time results:
17:38:41: 
17:38:41: ==============================================================
17:38:41: video thread frame - [100%] [avg time: 34.077 ms] [children: 98.3%] [unaccounted: 1.74%]
17:38:41: | scene->Preprocess - [40.4%] [avg time: 13.774 ms]
17:38:41: | GPU download and conversion - [57.8%] [avg time: 19.71 ms] [children: 59.3%] [unaccounted: -1.5%]
17:38:41: | | flush - [0.0616%] [avg time: 0.021 ms]
17:38:41: | | CopyResource - [59.1%] [avg time: 20.129 ms]
17:38:41: | | conversion to 4:2:0 - [0.211%] [avg time: 0.072 ms]
17:38:41: Convert444Thread - [100%] [avg time: 0.618 ms] [children: 94.8%] [unaccounted: 5.18%]
17:38:41: | Convert444toNV12 - [94.8%] [avg time: 0.586 ms]
17:38:41: encoder thread frame - [100%] [avg time: 1.265 ms] [children: 0.791%] [unaccounted: 99.2%]
17:38:41: | sending stuff out - [0.791%] [avg time: 0.01 ms]
17:38:41: ==============================================================
17:38:41: 
17:38:41: 
17:38:41: Profiler CPU results:
17:38:41: 
17:38:41: ==============================================================
17:38:41: video thread frame - [cpu time: avg 8.294 ms, total 4056.03 ms] [avg calls per frame: 1]
17:38:41: | scene->Preprocess - [cpu time: avg 6.603 ms, total 3229.22 ms] [avg calls per frame: 1]
17:38:41: | GPU download and conversion - [cpu time: avg 1.116 ms, total 546.001 ms] [avg calls per frame: 1]
17:38:41: | | flush - [cpu time: avg 0 ms, total 0 ms] [avg calls per frame: 1]
17:38:41: | | CopyResource - [cpu time: avg 1.02 ms, total 483.601 ms] [avg calls per frame: 1]
17:38:41: | | conversion to 4:2:0 - [cpu time: avg 0.098 ms, total 46.8 ms] [avg calls per frame: 1]
17:38:41: Convert444Thread - [cpu time: avg 0.296 ms, total 140.4 ms] [avg calls per frame: 1]
17:38:41: | Convert444toNV12 - [cpu time: avg 0.296 ms, total 140.4 ms] [avg calls per frame: 1]
17:38:41: encoder thread frame - [cpu time: avg 0.526 ms, total 249.601 ms] [avg calls per frame: 1]
17:38:41: | sending stuff out - [cpu time: avg 0 ms, total 0 ms] [avg calls per frame: 1]
17:38:41: ==============================================================
17:38:41: 
17:38:41: =====Stream End: 2020-12-03, 17:38:41=================================================
17:38:41: ~RTMPPublisher: Packet flush completed in 138 ms
17:38:41: ~RTMPPublisher: Send thread terminated in 1 ms
17:38:41: RTMPPublisher::SocketLoop: Graceful loop exit
17:38:41: ~RTMPPublisher: Socket thread terminated in 1 ms
17:38:41: ~RTMPPublisher: Final socket shutdown completed in 33 ms
17:38:41: Average send payload: 7775 bytes, average send interval: 23 ms
17:38:41: Number of times waited to send: 0, Waited for a total of 0 bytes
17:38:41: Number of b-frames dropped: 0 (0%), Number of p-frames dropped: 0 (0%), Total 0 (0%)
17:38:41: Number of bytes sent: 878653
17:38:47: CLR host plugin instance deleted; removing dynamically loaded localization strings
17:38:47: Terminating 0xc1c
17:38:47: Terminating 0xb74
